d:\qt\workspace\kflu\x64\release\mainwindow.obj
d:\qt\workspace\kflu\x64\release\main.obj
d:\qt\workspace\kflu\x64\release\moc_mainwindow.obj
d:\qt\workspace\git_kflu\kflu\x64\release\mainwindow.obj
d:\qt\workspace\git_kflu\kflu\x64\release\main.obj
d:\qt\workspace\git_kflu\kflu\x64\release\moc_mainwindow.obj
d:\qt\workspace\kflu\generatedfiles\release\moc_mainwindow.cpp
d:\qt\workspace\kflu\generatedfiles\ui_mainwindow.h
d:\qt\workspace\git_kflu\kflu\generatedfiles\release\moc_mainwindow.cpp
d:\qt\workspace\git_kflu\kflu\generatedfiles\ui_mainwindow.h
d:\qt\workspace\kflu\release\kflu.exe
d:\qt\workspace\git_kflu\kflu\release\kflu.exe
d:\qt\workspace\git_kflu\kflu\x64\release\kflu.tlog\cl.command.1.tlog
d:\qt\workspace\git_kflu\kflu\x64\release\kflu.tlog\cl.read.1.tlog
d:\qt\workspace\git_kflu\kflu\x64\release\kflu.tlog\cl.write.1.tlog
d:\qt\workspace\git_kflu\kflu\x64\release\kflu.tlog\custombuild.command.1.tlog
d:\qt\workspace\git_kflu\kflu\x64\release\kflu.tlog\custombuild.read.1.tlog
d:\qt\workspace\git_kflu\kflu\x64\release\kflu.tlog\custombuild.write.1.tlog
d:\qt\workspace\git_kflu\kflu\x64\release\kflu.tlog\link.command.1.tlog
d:\qt\workspace\git_kflu\kflu\x64\release\kflu.tlog\link.read.1.tlog
d:\qt\workspace\git_kflu\kflu\x64\release\kflu.tlog\link.write.1.tlog
